# JRE version: Java(TM) SE Runtime Environment (8.0_45-b15) (build 1.8.0_45-b15)
# Java VM: Java HotSpot(TM) 64-Bit Server VM (25.45-b02 mixed mode windows-amd64 compressed oops)
Heap:
 PSYoungGen      total 51712K, used 10168K [0x00000007bc400000, 0x00000007c0000000, 0x00000007c0000000)
  eden space 41472K, 11% used [0x00000007bc400000,0x00000007bc89bc68,0x00000007bec80000)
  from space 10240K, 53% used [0x00000007bf600000,0x00000007bfb52768,0x00000007c0000000)
  to   space 9728K, 0% used [0x00000007bec80000,0x00000007bec80000,0x00000007bf600000)
 ParOldGen       total 143872K, used 61109K [0x0000000700000000, 0x0000000708c80000, 0x00000007bc400000)
  object space 143872K, 42% used [0x0000000700000000,0x0000000703bad628,0x0000000708c80000)
 Metaspace       used 61126K, capacity 61565K, committed 62208K, reserved 1101824K
  class space    used 9354K, capacity 9452K, committed 9472K, reserved 1048576K
GC Heap History (10 events):
Event: 716.166 GC heap before
{Heap before GC invocations=95 (full 5):
 PSYoungGen      total 48640K, used 39322K [0x00000007bc400000, 0x00000007c0000000, 0x00000007c0000000)
  eden space 35840K, 100% used [0x00000007bc400000,0x00000007be700000,0x00000007be700000)
  from space 12800K, 27% used [0x00000007be700000,0x00000007bea669d0,0x00000007bf380000)
  to   space 12288K, 0% used [0x00000007bf400000,0x00000007bf400000,0x00000007c0000000)
 ParOldGen       total 143872K, used 60885K [0x0000000700000000, 0x0000000708c80000, 0x00000007bc400000)
  object space 143872K, 42% used [0x0000000700000000,0x0000000703b75628,0x0000000708c80000)
 Metaspace       used 60954K, capacity 61367K, committed 61952K, reserved 1101824K
  class space    used 9348K, capacity 9451K, committed 9472K, reserved 1048576K
Event: 716.173 GC heap after
Heap after GC invocations=95 (full 5):
 PSYoungGen      total 49664K, used 3697K [0x00000007bc400000, 0x00000007c0000000, 0x00000007c0000000)
  eden space 37376K, 0% used [0x00000007bc400000,0x00000007bc400000,0x00000007be880000)
  from space 12288K, 30% used [0x00000007bf400000,0x00000007bf79c770,0x00000007c0000000)
  to   space 11776K, 0% used [0x00000007be880000,0x00000007be880000,0x00000007bf400000)
 ParOldGen       total 143872K, used 60893K [0x0000000700000000, 0x0000000708c80000, 0x00000007bc400000)
  object space 143872K, 42% used [0x0000000700000000,0x0000000703b77628,0x0000000708c80000)
 Metaspace       used 60954K, capacity 61367K, committed 61952K, reserved 1101824K
  class space    used 9348K, capacity 9451K, committed 9472K, reserved 1048576K
}
Event: 725.499 GC heap before
{Heap before GC invocations=96 (full 5):
 PSYoungGen      total 49664K, used 41073K [0x00000007bc400000, 0x00000007c0000000, 0x00000007c0000000)
  eden space 37376K, 100% used [0x00000007bc400000,0x00000007be880000,0x00000007be880000)
  from space 12288K, 30% used [0x00000007bf400000,0x00000007bf79c770,0x00000007c0000000)
  to   space 11776K, 0% used [0x00000007be880000,0x00000007be880000,0x00000007bf400000)
 ParOldGen       total 143872K, used 60893K [0x0000000700000000, 0x0000000708c80000, 0x00000007bc400000)
  object space 143872K, 42% used [0x0000000700000000,0x0000000703b77628,0x0000000708c80000)
 Metaspace       used 60988K, capacity 61373K, committed 61952K, reserved 1101824K
  class space    used 9348K, capacity 9452K, committed 9472K, reserved 1048576K
Event: 725.515 GC heap after
Heap after GC invocations=96 (full 5):
 PSYoungGen      total 49152K, used 4955K [0x00000007bc400000, 0x00000007c0000000, 0x00000007c0000000)
  eden space 37376K, 0% used [0x00000007bc400000,0x00000007bc400000,0x00000007be880000)
  from space 11776K, 42% used [0x00000007be880000,0x00000007bed56e78,0x00000007bf400000)
  to   space 11264K, 0% used [0x00000007bf500000,0x00000007bf500000,0x00000007c0000000)
 ParOldGen       total 143872K, used 60981K [0x0000000700000000, 0x0000000708c80000, 0x00000007bc400000)
  object space 143872K, 42% used [0x0000000700000000,0x0000000703b8d628,0x0000000708c80000)
 Metaspace       used 60988K, capacity 61373K, committed 61952K, reserved 1101824K
  class space    used 9348K, capacity 9452K, committed 9472K, reserved 1048576K
}
Event: 739.607 GC heap before
{Heap before GC invocations=97 (full 5):
 PSYoungGen      total 49152K, used 42331K [0x00000007bc400000, 0x00000007c0000000, 0x00000007c0000000)
  eden space 37376K, 100% used [0x00000007bc400000,0x00000007be880000,0x00000007be880000)
  from space 11776K, 42% used [0x00000007be880000,0x00000007bed56e78,0x00000007bf400000)
  to   space 11264K, 0% used [0x00000007bf500000,0x00000007bf500000,0x00000007c0000000)
 ParOldGen       total 143872K, used 60981K [0x0000000700000000, 0x0000000708c80000, 0x00000007bc400000)
  object space 143872K, 42% used [0x0000000700000000,0x0000000703b8d628,0x0000000708c80000)
 Metaspace       used 61013K, capacity 61373K, committed 61952K, reserved 1101824K
  class space    used 9349K, capacity 9452K, committed 9472K, reserved 1048576K
Event: 739.613 GC heap after
Heap after GC invocations=97 (full 5):
 PSYoungGen      total 50688K, used 5079K [0x00000007bc400000, 0x00000007c0000000, 0x00000007c0000000)
  eden space 39424K, 0% used [0x00000007bc400000,0x00000007bc400000,0x00000007bea80000)
  from space 11264K, 45% used [0x00000007bf500000,0x00000007bf9f5dc0,0x00000007c0000000)
  to   space 10752K, 0% used [0x00000007bea80000,0x00000007bea80000,0x00000007bf500000)
 ParOldGen       total 143872K, used 61085K [0x0000000700000000, 0x0000000708c80000, 0x00000007bc400000)
  object space 143872K, 42% used [0x0000000700000000,0x0000000703ba7628,0x0000000708c80000)
 Metaspace       used 61013K, capacity 61373K, committed 61952K, reserved 1101824K
  class space    used 9349K, capacity 9452K, committed 9472K, reserved 1048576K
}
Event: 747.035 GC heap before
{Heap before GC invocations=98 (full 5):
 PSYoungGen      total 50688K, used 44503K [0x00000007bc400000, 0x00000007c0000000, 0x00000007c0000000)
  eden space 39424K, 100% used [0x00000007bc400000,0x00000007bea80000,0x00000007bea80000)
  from space 11264K, 45% used [0x00000007bf500000,0x00000007bf9f5dc0,0x00000007c0000000)
  to   space 10752K, 0% used [0x00000007bea80000,0x00000007bea80000,0x00000007bf500000)
 ParOldGen       total 143872K, used 61085K [0x0000000700000000, 0x0000000708c80000, 0x00000007bc400000)
  object space 143872K, 42% used [0x0000000700000000,0x0000000703ba7628,0x0000000708c80000)
 Metaspace       used 61067K, capacity 61437K, committed 61952K, reserved 1101824K
  class space    used 9349K, capacity 9452K, committed 9472K, reserved 1048576K
Event: 747.044 GC heap after
Heap after GC invocations=98 (full 5):
 PSYoungGen      total 50176K, used 4520K [0x00000007bc400000, 0x00000007c0000000, 0x00000007c0000000)
  eden space 39424K, 0% used [0x00000007bc400000,0x00000007bc400000,0x00000007bea80000)
  from space 10752K, 42% used [0x00000007bea80000,0x00000007beeea320,0x00000007bf500000)
  to   space 10240K, 0% used [0x00000007bf600000,0x00000007bf600000,0x00000007c0000000)
 ParOldGen       total 143872K, used 61109K [0x0000000700000000, 0x0000000708c80000, 0x00000007bc400000)
  object space 143872K, 42% used [0x0000000700000000,0x0000000703bad628,0x0000000708c80000)
 Metaspace       used 61067K, capacity 61437K, committed 61952K, reserved 1101824K
  class space    used 9349K, capacity 9452K, committed 9472K, reserved 1048576K
}
Event: 761.797 GC heap before
{Heap before GC invocations=99 (full 5):
 PSYoungGen      total 50176K, used 43944K [0x00000007bc400000, 0x00000007c0000000, 0x00000007c0000000)
  eden space 39424K, 100% used [0x00000007bc400000,0x00000007bea80000,0x00000007bea80000)
  from space 10752K, 42% used [0x00000007bea80000,0x00000007beeea320,0x00000007bf500000)
  to   space 10240K, 0% used [0x00000007bf600000,0x00000007bf600000,0x00000007c0000000)
 ParOldGen       total 143872K, used 61109K [0x0000000700000000, 0x0000000708c80000, 0x00000007bc400000)
  object space 143872K, 42% used [0x0000000700000000,0x0000000703bad628,0x0000000708c80000)
 Metaspace       used 61120K, capacity 61565K, committed 62208K, reserved 1101824K
  class space    used 9354K, capacity 9452K, committed 9472K, reserved 1048576K
Event: 761.802 GC heap after
Heap after GC invocations=99 (full 5):
 PSYoungGen      total 51712K, used 5449K [0x00000007bc400000, 0x00000007c0000000, 0x00000007c0000000)
  eden space 41472K, 0% used [0x00000007bc400000,0x00000007bc400000,0x00000007bec80000)
  from space 10240K, 53% used [0x00000007bf600000,0x00000007bfb52768,0x00000007c0000000)
  to   space 9728K, 0% used [0x00000007bec80000,0x00000007bec80000,0x00000007bf600000)
 ParOldGen       total 143872K, used 61109K [0x0000000700000000, 0x0000000708c80000, 0x00000007bc400000)
  object space 143872K, 42% used [0x0000000700000000,0x0000000703bad628,0x0000000708c80000)
 Metaspace       used 61120K, capacity 61565K, committed 62208K, reserved 1101824K
  class space    used 9354K, capacity 9452K, committed 9472K, reserved 1048576K
}

